{
  "uuid": "289692da-5561-45da-9809-ff4ada35e4dd",
  "historyId": "437002c36899c2fb5563fc304516714d",
  "testCaseId": "db8ac52bdfa4f9076347687995dc6c7b",
  "fullName": "SolutionProject/Features/Tech Interview Challenge Solution/Successful Transavia with Valid Credentials",
  "labels": [
    {
      "name": "thread",
      "value": "NonParallelWorker"
    },
    {
      "name": "host",
      "value": "M537"
    },
    {
      "name": "language",
      "value": "C#"
    },
    {
      "name": "framework",
      "value": "SpecFlow"
    },
    {
      "name": "feature",
      "value": "Tech Interview Challenge Solution"
    },
    {
      "name": "tag",
      "value": "Demo-A"
    },
    {
      "name": "tag",
      "value": "Demo"
    }
  ],
  "links": [],
  "name": "Successful Transavia with Valid Credentials",
  "status": "broken",
  "statusDetails": {
    "known": false,
    "muted": false,
    "flaky": false,
    "message": "Timed out after 90 seconds -> no such window: target window already closed\nfrom unknown error: web view not found\n  (Session info: chrome=125.0.6422.78)",
    "trace": "OpenQA.Selenium.WebDriverTimeoutException: Timed out after 90 seconds\n ---> OpenQA.Selenium.NoSuchWindowException: no such window: target window already closed\nfrom unknown error: web view not found\n  (Session info: chrome=125.0.6422.78)\n   at OpenQA.Selenium.WebDriver.UnpackAndThrowOnError(Response errorResponse, String commandToExecute)\n   at OpenQA.Selenium.WebDriver.Execute(String driverCommandToExecute, Dictionary`2 parameters)\n   at OpenQA.Selenium.WebDriver.FindElement(String mechanism, String value)\n   at SeleniumExtras.WaitHelpers.ExpectedConditions.<>c__DisplayClass3_0.<ElementIsVisible>b__0(IWebDriver driver)\n   at OpenQA.Selenium.Support.UI.DefaultWait`1.Until[TResult](Func`2 condition, CancellationToken token)\n   --- End of inner exception stack trace ---\n   at OpenQA.Selenium.Support.UI.DefaultWait`1.ThrowTimeoutException(String exceptionMessage, Exception lastException)\n   at OpenQA.Selenium.Support.UI.DefaultWait`1.Until[TResult](Func`2 condition, CancellationToken token)\n   at OpenQA.Selenium.Support.UI.DefaultWait`1.Until[TResult](Func`2 condition)\n   at TechDemoCSharpTranzactv2.PageObjects.BasePage.WaitWebElementVisibleBy(By element) in /Users/uslum/Documents/TransaviaProject/Transavia/Tech-Demo/PageObjects/BasePage.cs:line 83\n   at TechDemoCSharpTranzactv2.PageObjects.BasePage.Click(By element) in /Users/uslum/Documents/TransaviaProject/Transavia/Tech-Demo/PageObjects/BasePage.cs:line 56\n   at TechDemoCSharpTranzactv2.PageObjects.TransaviaDestinationsPage.ClickBookButton() in /Users/uslum/Documents/TransaviaProject/Transavia/Tech-Demo/PageObjects/TransaviaDestinationsPage.cs:line 34\n   at TechDemoCSharpTranzactv2.StepDefinitions.SolutionStepDefinition.IClickOnTheBookButton() in /Users/uslum/Documents/TransaviaProject/Transavia/Tech-Demo/StepDefinitions/SolutionStepDefinition.cs:line 44\n   at TechTalk.SpecFlow.Bindings.BindingInvoker.InvokeBinding(IBinding binding, IContextManager contextManager, Object[] arguments, ITestTracer testTracer, TimeSpan& duration)\n   at Allure.SpecFlowPlugin.AllureBindingInvoker.InvokeBinding(IBinding binding, IContextManager contextManager, Object[] arguments, ITestTracer testTracer, TimeSpan& duration)\n   at TechTalk.SpecFlow.Infrastructure.TestExecutionEngine.ExecuteStepMatch(BindingMatch match, Object[] arguments, TimeSpan& duration)\n   at TechTalk.SpecFlow.Infrastructure.TestExecutionEngine.ExecuteStep(IContextManager contextManager, StepInstance stepInstance)"
  },
  "stage": "finished",
  "steps": [
    {
      "name": "Given  I am on the  Transavia page",
      "status": "passed",
      "statusDetails": {
        "known": false,
        "muted": false,
        "flaky": false
      },
      "stage": "finished",
      "steps": [],
      "attachments": [
        {
          "name": "2024-05-29_10-33-38_036.png",
          "source": "c51c2c88-4ac0-4a62-b012-05da7fe94043-attachment",
          "type": "image/png"
        }
      ],
      "parameters": [],
      "start": 1716968017260,
      "stop": 1716968018165
    },
    {
      "name": "When  I click on the Book button",
      "status": "broken",
      "statusDetails": {
        "known": false,
        "muted": false,
        "flaky": false,
        "message": "Timed out after 90 seconds -> no such window: target window already closed\nfrom unknown error: web view not found\n  (Session info: chrome=125.0.6422.78)",
        "trace": "OpenQA.Selenium.WebDriverTimeoutException: Timed out after 90 seconds\n ---> OpenQA.Selenium.NoSuchWindowException: no such window: target window already closed\nfrom unknown error: web view not found\n  (Session info: chrome=125.0.6422.78)\n   at OpenQA.Selenium.WebDriver.UnpackAndThrowOnError(Response errorResponse, String commandToExecute)\n   at OpenQA.Selenium.WebDriver.Execute(String driverCommandToExecute, Dictionary`2 parameters)\n   at OpenQA.Selenium.WebDriver.FindElement(String mechanism, String value)\n   at SeleniumExtras.WaitHelpers.ExpectedConditions.<>c__DisplayClass3_0.<ElementIsVisible>b__0(IWebDriver driver)\n   at OpenQA.Selenium.Support.UI.DefaultWait`1.Until[TResult](Func`2 condition, CancellationToken token)\n   --- End of inner exception stack trace ---\n   at OpenQA.Selenium.Support.UI.DefaultWait`1.ThrowTimeoutException(String exceptionMessage, Exception lastException)\n   at OpenQA.Selenium.Support.UI.DefaultWait`1.Until[TResult](Func`2 condition, CancellationToken token)\n   at OpenQA.Selenium.Support.UI.DefaultWait`1.Until[TResult](Func`2 condition)\n   at TechDemoCSharpTranzactv2.PageObjects.BasePage.WaitWebElementVisibleBy(By element) in /Users/uslum/Documents/TransaviaProject/Transavia/Tech-Demo/PageObjects/BasePage.cs:line 83\n   at TechDemoCSharpTranzactv2.PageObjects.BasePage.Click(By element) in /Users/uslum/Documents/TransaviaProject/Transavia/Tech-Demo/PageObjects/BasePage.cs:line 56\n   at TechDemoCSharpTranzactv2.PageObjects.TransaviaDestinationsPage.ClickBookButton() in /Users/uslum/Documents/TransaviaProject/Transavia/Tech-Demo/PageObjects/TransaviaDestinationsPage.cs:line 34\n   at TechDemoCSharpTranzactv2.StepDefinitions.SolutionStepDefinition.IClickOnTheBookButton() in /Users/uslum/Documents/TransaviaProject/Transavia/Tech-Demo/StepDefinitions/SolutionStepDefinition.cs:line 44\n   at TechTalk.SpecFlow.Bindings.BindingInvoker.InvokeBinding(IBinding binding, IContextManager contextManager, Object[] arguments, ITestTracer testTracer, TimeSpan& duration)\n   at Allure.SpecFlowPlugin.AllureBindingInvoker.InvokeBinding(IBinding binding, IContextManager contextManager, Object[] arguments, ITestTracer testTracer, TimeSpan& duration)\n   at TechTalk.SpecFlow.Infrastructure.TestExecutionEngine.ExecuteStepMatch(BindingMatch match, Object[] arguments, TimeSpan& duration)\n   at TechTalk.SpecFlow.Infrastructure.TestExecutionEngine.ExecuteStep(IContextManager contextManager, StepInstance stepInstance)"
      },
      "stage": "finished",
      "steps": [],
      "attachments": [],
      "parameters": [],
      "start": 1716968018165,
      "stop": 1716968108195
    },
    {
      "name": "When  I click on the World Icon button",
      "status": "skipped",
      "statusDetails": {
        "known": false,
        "muted": false,
        "flaky": false
      },
      "stage": "finished",
      "steps": [],
      "attachments": [],
      "parameters": [],
      "start": 1716968108196,
      "stop": 1716968108197
    },
    {
      "name": "When  I count the texts of sibling div elements",
      "status": "skipped",
      "statusDetails": {
        "known": false,
        "muted": false,
        "flaky": false
      },
      "stage": "finished",
      "steps": [],
      "attachments": [],
      "parameters": [],
      "start": 1716968108200,
      "stop": 1716968108200
    },
    {
      "name": "Then  I print the count of texts of sibling div elements",
      "status": "skipped",
      "statusDetails": {
        "known": false,
        "muted": false,
        "flaky": false
      },
      "stage": "finished",
      "steps": [],
      "attachments": [],
      "parameters": [],
      "start": 1716968108200,
      "stop": 1716968108200
    }
  ],
  "attachments": [],
  "parameters": [],
  "start": 1716968017256,
  "stop": 1716968108207
}