{
  "uuid": "bbaa0a56-22b2-4437-a5ca-556d60e2f2a9",
  "historyId": "437002c36899c2fb5563fc304516714d",
  "testCaseId": "db8ac52bdfa4f9076347687995dc6c7b",
  "fullName": "SolutionProject/Features/Tech Interview Challenge Solution/Successful Transavia with Valid Credentials",
  "labels": [
    {
      "name": "thread",
      "value": "NonParallelWorker"
    },
    {
      "name": "host",
      "value": "M537"
    },
    {
      "name": "language",
      "value": "C#"
    },
    {
      "name": "framework",
      "value": "SpecFlow"
    },
    {
      "name": "feature",
      "value": "Tech Interview Challenge Solution"
    },
    {
      "name": "tag",
      "value": "Demo-A"
    },
    {
      "name": "tag",
      "value": "Demo"
    }
  ],
  "links": [],
  "name": "Successful Transavia with Valid Credentials",
  "status": "broken",
  "statusDetails": {
    "known": false,
    "muted": false,
    "flaky": false,
    "message": "no such element: Unable to locate element: {\"method\":\"xpath\",\"selector\":\"//button[@id='doubleClickBtn']\"}\n  (Session info: chrome=125.0.6422.78); For documentation on this error, please visit: https://www.selenium.dev/documentation/webdriver/troubleshooting/errors#no-such-element-exception",
    "trace": "OpenQA.Selenium.NoSuchElementException: no such element: Unable to locate element: {\"method\":\"xpath\",\"selector\":\"//button[@id='doubleClickBtn']\"}\n  (Session info: chrome=125.0.6422.78); For documentation on this error, please visit: https://www.selenium.dev/documentation/webdriver/troubleshooting/errors#no-such-element-exception\n   at OpenQA.Selenium.WebDriver.UnpackAndThrowOnError(Response errorResponse, String commandToExecute)\n   at OpenQA.Selenium.WebDriver.Execute(String driverCommandToExecute, Dictionary`2 parameters)\n   at OpenQA.Selenium.WebDriver.FindElement(String mechanism, String value)\n   at OpenQA.Selenium.By.<.ctor>b__11_0(ISearchContext context)\n   at OpenQA.Selenium.By.FindElement(ISearchContext context)\n   at OpenQA.Selenium.WebDriver.FindElement(By by)\n   at TechDemoCSharpTranzactv2.PageObjects.BasePage.DoubleClick(By element) in /Users/uslum/SpecFlow-F/specflow-framework/PageObjects/BasePage.cs:line 68\n   at TechDemoCSharpTranzactv2.PageObjects.DemoQAButtonsPage.ClickDoubleClickMeButton() in /Users/uslum/SpecFlow-F/specflow-framework/PageObjects/DemoQAButtonsPage.cs:line 34\n   at TechDemoCSharpTranzactv2.StepDefinitions.SolutionStepDefinition.IClickDoublecClickButton() in /Users/uslum/SpecFlow-F/specflow-framework/StepDefinitions/SolutionStepDefinition.cs:line 63\n   at TechTalk.SpecFlow.Bindings.BindingInvoker.InvokeBinding(IBinding binding, IContextManager contextManager, Object[] arguments, ITestTracer testTracer, TimeSpan& duration)\n   at Allure.SpecFlowPlugin.AllureBindingInvoker.InvokeBinding(IBinding binding, IContextManager contextManager, Object[] arguments, ITestTracer testTracer, TimeSpan& duration)\n   at TechTalk.SpecFlow.Infrastructure.TestExecutionEngine.ExecuteStepMatch(BindingMatch match, Object[] arguments, TimeSpan& duration)\n   at TechTalk.SpecFlow.Infrastructure.TestExecutionEngine.ExecuteStep(IContextManager contextManager, StepInstance stepInstance)"
  },
  "stage": "finished",
  "steps": [
    {
      "name": "Given  I am on the  DemoQA Buttons page",
      "status": "passed",
      "statusDetails": {
        "known": false,
        "muted": false,
        "flaky": false
      },
      "stage": "finished",
      "steps": [],
      "attachments": [
        {
          "name": "2024-05-29_23-16-48_924.png",
          "source": "a45f7b6a-ea04-43f4-b81f-aad2a7ea1be0-attachment",
          "type": "image/png"
        }
      ],
      "parameters": [],
      "start": 1717013808641,
      "stop": 1717013809074
    },
    {
      "name": "When  I click on the doubleclick button",
      "status": "broken",
      "statusDetails": {
        "known": false,
        "muted": false,
        "flaky": false,
        "message": "no such element: Unable to locate element: {\"method\":\"xpath\",\"selector\":\"//button[@id='doubleClickBtn']\"}\n  (Session info: chrome=125.0.6422.78); For documentation on this error, please visit: https://www.selenium.dev/documentation/webdriver/troubleshooting/errors#no-such-element-exception",
        "trace": "OpenQA.Selenium.NoSuchElementException: no such element: Unable to locate element: {\"method\":\"xpath\",\"selector\":\"//button[@id='doubleClickBtn']\"}\n  (Session info: chrome=125.0.6422.78); For documentation on this error, please visit: https://www.selenium.dev/documentation/webdriver/troubleshooting/errors#no-such-element-exception\n   at OpenQA.Selenium.WebDriver.UnpackAndThrowOnError(Response errorResponse, String commandToExecute)\n   at OpenQA.Selenium.WebDriver.Execute(String driverCommandToExecute, Dictionary`2 parameters)\n   at OpenQA.Selenium.WebDriver.FindElement(String mechanism, String value)\n   at OpenQA.Selenium.By.<.ctor>b__11_0(ISearchContext context)\n   at OpenQA.Selenium.By.FindElement(ISearchContext context)\n   at OpenQA.Selenium.WebDriver.FindElement(By by)\n   at TechDemoCSharpTranzactv2.PageObjects.BasePage.DoubleClick(By element) in /Users/uslum/SpecFlow-F/specflow-framework/PageObjects/BasePage.cs:line 68\n   at TechDemoCSharpTranzactv2.PageObjects.DemoQAButtonsPage.ClickDoubleClickMeButton() in /Users/uslum/SpecFlow-F/specflow-framework/PageObjects/DemoQAButtonsPage.cs:line 34\n   at TechDemoCSharpTranzactv2.StepDefinitions.SolutionStepDefinition.IClickDoublecClickButton() in /Users/uslum/SpecFlow-F/specflow-framework/StepDefinitions/SolutionStepDefinition.cs:line 63\n   at TechTalk.SpecFlow.Bindings.BindingInvoker.InvokeBinding(IBinding binding, IContextManager contextManager, Object[] arguments, ITestTracer testTracer, TimeSpan& duration)\n   at Allure.SpecFlowPlugin.AllureBindingInvoker.InvokeBinding(IBinding binding, IContextManager contextManager, Object[] arguments, ITestTracer testTracer, TimeSpan& duration)\n   at TechTalk.SpecFlow.Infrastructure.TestExecutionEngine.ExecuteStepMatch(BindingMatch match, Object[] arguments, TimeSpan& duration)\n   at TechTalk.SpecFlow.Infrastructure.TestExecutionEngine.ExecuteStep(IContextManager contextManager, StepInstance stepInstance)"
      },
      "stage": "finished",
      "steps": [],
      "attachments": [],
      "parameters": [],
      "start": 1717013809074,
      "stop": 1717013809093
    },
    {
      "name": "When  I click on the rightclick button",
      "status": "skipped",
      "statusDetails": {
        "known": false,
        "muted": false,
        "flaky": false
      },
      "stage": "finished",
      "steps": [],
      "attachments": [],
      "parameters": [],
      "start": 1717013809093,
      "stop": 1717013809093
    },
    {
      "name": "Then  Message \"You have done a double click\" from doubleClick",
      "status": "skipped",
      "statusDetails": {
        "known": false,
        "muted": false,
        "flaky": false
      },
      "stage": "finished",
      "steps": [],
      "attachments": [],
      "parameters": [],
      "start": 1717013809095,
      "stop": 1717013809095
    }
  ],
  "attachments": [],
  "parameters": [],
  "start": 1717013808638,
  "stop": 1717013809098
}