{
  "uuid": "c29e9b4d-c0b1-49c9-841c-a331f6ae928f",
  "historyId": "33ce9ffda15610cf499d5d26de365844",
  "testCaseId": "d6a9d042fffc8c42ba080b3c00ce2faf",
  "fullName": "SolutionProject/Features/Tech Interview Challenge Solution/DemoQA Practice Form page",
  "labels": [
    {
      "name": "thread",
      "value": "NonParallelWorker"
    },
    {
      "name": "host",
      "value": "M537"
    },
    {
      "name": "language",
      "value": "C#"
    },
    {
      "name": "framework",
      "value": "SpecFlow"
    },
    {
      "name": "feature",
      "value": "Tech Interview Challenge Solution"
    },
    {
      "name": "tag",
      "value": "Demo-A"
    },
    {
      "name": "tag",
      "value": "Demo-B"
    },
    {
      "name": "tag",
      "value": "Demo"
    }
  ],
  "links": [],
  "name": "DemoQA Practice Form page",
  "status": "broken",
  "statusDetails": {
    "known": false,
    "muted": false,
    "flaky": false,
    "message": "javascript error: {\"status\":32,\"value\":\"Unable to locate an element with the xpath expression (//div[@class=' css-1wa3eu0-placeholder'])[1]] because of the following error:\\nSyntaxError: Failed to execute 'evaluate' on 'Document': The string '(//div[@class=' css-1wa3eu0-placeholder'])[1]]' is not a valid XPath expression.\"}\n  (Session info: chrome=125.0.6422.113)",
    "trace": "OpenQA.Selenium.JavaScriptException: javascript error: {\"status\":32,\"value\":\"Unable to locate an element with the xpath expression (//div[@class=' css-1wa3eu0-placeholder'])[1]] because of the following error:\\nSyntaxError: Failed to execute 'evaluate' on 'Document': The string '(//div[@class=' css-1wa3eu0-placeholder'])[1]]' is not a valid XPath expression.\"}\n  (Session info: chrome=125.0.6422.113)\n   at OpenQA.Selenium.WebDriver.UnpackAndThrowOnError(Response errorResponse, String commandToExecute)\n   at OpenQA.Selenium.WebDriver.Execute(String driverCommandToExecute, Dictionary`2 parameters)\n   at OpenQA.Selenium.WebDriver.FindElement(String mechanism, String value)\n   at SeleniumExtras.WaitHelpers.ExpectedConditions.<>c__DisplayClass3_0.<ElementIsVisible>b__0(IWebDriver driver)\n   at OpenQA.Selenium.Support.UI.DefaultWait`1.Until[TResult](Func`2 condition, CancellationToken token)\n   at OpenQA.Selenium.Support.UI.DefaultWait`1.Until[TResult](Func`2 condition)\n   at TechDemoCSharpTranzactv2.PageObjects.BasePage.WaitWebElementVisibleBy(By element) in /Users/uslum/SpecFlow-F/specflow-framework/PageObjects/BasePage.cs:line 105\n   at TechDemoCSharpTranzactv2.PageObjects.BasePage.Click(By element) in /Users/uslum/SpecFlow-F/specflow-framework/PageObjects/BasePage.cs:line 60\n   at TechDemoCSharpTranzactv2.PageObjects.DemoQAPractifeFormPage.ClickStateButton() in /Users/uslum/SpecFlow-F/specflow-framework/PageObjects/DemoQAPractifeFormPage.cs:line 148\n   at TechDemoCSharpTranzactv2.StepDefinitions.SolutionStepDefinition.IClickStateButton() in /Users/uslum/SpecFlow-F/specflow-framework/StepDefinitions/SolutionStepDefinition.cs:line 251\n   at TechTalk.SpecFlow.Bindings.BindingInvoker.InvokeBinding(IBinding binding, IContextManager contextManager, Object[] arguments, ITestTracer testTracer, TimeSpan& duration)\n   at Allure.SpecFlowPlugin.AllureBindingInvoker.InvokeBinding(IBinding binding, IContextManager contextManager, Object[] arguments, ITestTracer testTracer, TimeSpan& duration)\n   at TechTalk.SpecFlow.Infrastructure.TestExecutionEngine.ExecuteStepMatch(BindingMatch match, Object[] arguments, TimeSpan& duration)\n   at TechTalk.SpecFlow.Infrastructure.TestExecutionEngine.ExecuteStep(IContextManager contextManager, StepInstance stepInstance)"
  },
  "stage": "finished",
  "steps": [
    {
      "name": "Given  I am on the  DemoQA Practife Form page",
      "status": "passed",
      "statusDetails": {
        "known": false,
        "muted": false,
        "flaky": false
      },
      "stage": "finished",
      "steps": [],
      "attachments": [
        {
          "name": "2024-05-30_16-23-40_274.png",
          "source": "7b747b58-1611-459b-ae40-3e50d387d278-attachment",
          "type": "image/png"
        }
      ],
      "parameters": [],
      "start": 1717075407444,
      "stop": 1717075420549
    },
    {
      "name": "When  I enter Name as \"Muharrem\" for Student Registration Form",
      "status": "passed",
      "statusDetails": {
        "known": false,
        "muted": false,
        "flaky": false
      },
      "stage": "finished",
      "steps": [],
      "attachments": [
        {
          "name": "2024-05-30_16-23-41_249.png",
          "source": "4962220e-0d90-4440-94f4-fb7579a2c06e-attachment",
          "type": "image/png"
        }
      ],
      "parameters": [],
      "start": 1717075420552,
      "stop": 1717075421514
    },
    {
      "name": "When  I enter Surname as \"Uslu\" for Student Registration Form",
      "status": "passed",
      "statusDetails": {
        "known": false,
        "muted": false,
        "flaky": false
      },
      "stage": "finished",
      "steps": [],
      "attachments": [
        {
          "name": "2024-05-30_16-23-41_581.png",
          "source": "d6bfd645-7d2f-4c65-87d9-ff86e10a318c-attachment",
          "type": "image/png"
        }
      ],
      "parameters": [],
      "start": 1717075421514,
      "stop": 1717075421837
    },
    {
      "name": "When  I enter Mail as \"muharrem.uslu@example.com\" for Student Registration Form",
      "status": "passed",
      "statusDetails": {
        "known": false,
        "muted": false,
        "flaky": false
      },
      "stage": "finished",
      "steps": [],
      "attachments": [
        {
          "name": "2024-05-30_16-23-41_874.png",
          "source": "24668f8b-2b90-46b4-867d-48b6b3b1fccf-attachment",
          "type": "image/png"
        }
      ],
      "parameters": [],
      "start": 1717075421837,
      "stop": 1717075422111
    },
    {
      "name": "When  I click Gender Male Button",
      "status": "passed",
      "statusDetails": {
        "known": false,
        "muted": false,
        "flaky": false
      },
      "stage": "finished",
      "steps": [],
      "attachments": [
        {
          "name": "2024-05-30_16-23-42_180.png",
          "source": "8781189b-2caf-493e-87a5-bb93c3d051bf-attachment",
          "type": "image/png"
        }
      ],
      "parameters": [],
      "start": 1717075422111,
      "stop": 1717075422331
    },
    {
      "name": "When  I enter Mobile Number as \"0123456789\" for Student Registration Form",
      "status": "passed",
      "statusDetails": {
        "known": false,
        "muted": false,
        "flaky": false
      },
      "stage": "finished",
      "steps": [],
      "attachments": [
        {
          "name": "2024-05-30_16-23-42_376.png",
          "source": "6af84150-4984-478c-a3aa-44d558c85c65-attachment",
          "type": "image/png"
        }
      ],
      "parameters": [],
      "start": 1717075422331,
      "stop": 1717075422526
    },
    {
      "name": "When  I click Date Of Birth Button",
      "status": "passed",
      "statusDetails": {
        "known": false,
        "muted": false,
        "flaky": false
      },
      "stage": "finished",
      "steps": [],
      "attachments": [
        {
          "name": "2024-05-30_16-23-42_593.png",
          "source": "a572f458-a223-4901-94a1-5743fd1b8035-attachment",
          "type": "image/png"
        }
      ],
      "parameters": [],
      "start": 1717075422526,
      "stop": 1717075422742
    },
    {
      "name": "When  I enter Birth Month as \"December\" for Student Registration Form",
      "status": "passed",
      "statusDetails": {
        "known": false,
        "muted": false,
        "flaky": false
      },
      "stage": "finished",
      "steps": [],
      "attachments": [
        {
          "name": "2024-05-30_16-23-42_803.png",
          "source": "a590edf7-0a0b-43d5-8e7f-634d840ee624-attachment",
          "type": "image/png"
        }
      ],
      "parameters": [],
      "start": 1717075422742,
      "stop": 1717075422979
    },
    {
      "name": "When  I enter Birth Year as \"1995\" for Student Registration Form",
      "status": "passed",
      "statusDetails": {
        "known": false,
        "muted": false,
        "flaky": false
      },
      "stage": "finished",
      "steps": [],
      "attachments": [
        {
          "name": "2024-05-30_16-23-43_020.png",
          "source": "5f9858fe-57a8-47af-bda3-3e9dad680ea2-attachment",
          "type": "image/png"
        }
      ],
      "parameters": [],
      "start": 1717075422979,
      "stop": 1717075423207
    },
    {
      "name": "When  I enter Select day as \"19\" for Student Registration Form",
      "status": "passed",
      "statusDetails": {
        "known": false,
        "muted": false,
        "flaky": false
      },
      "stage": "finished",
      "steps": [],
      "attachments": [
        {
          "name": "2024-05-30_16-23-43_297.png",
          "source": "102ae9b7-0f58-44d6-825a-7579a4a7d4d8-attachment",
          "type": "image/png"
        }
      ],
      "parameters": [],
      "start": 1717075423207,
      "stop": 1717075423456
    },
    {
      "name": "Then  I verify the date of birth is \"19 Dec 1995\"",
      "status": "passed",
      "statusDetails": {
        "known": false,
        "muted": false,
        "flaky": false
      },
      "stage": "finished",
      "steps": [],
      "attachments": [],
      "parameters": [],
      "start": 1717075423456,
      "stop": 1717075423462
    },
    {
      "name": "When  I click Hobbies Sports Button",
      "status": "passed",
      "statusDetails": {
        "known": false,
        "muted": false,
        "flaky": false
      },
      "stage": "finished",
      "steps": [],
      "attachments": [
        {
          "name": "2024-05-30_16-23-43_503.png",
          "source": "15287140-a22c-4bf1-bf8c-9580d1cba783-attachment",
          "type": "image/png"
        }
      ],
      "parameters": [],
      "start": 1717075423462,
      "stop": 1717075423688
    },
    {
      "name": "When  I click Hobbies Reading Button",
      "status": "passed",
      "statusDetails": {
        "known": false,
        "muted": false,
        "flaky": false
      },
      "stage": "finished",
      "steps": [],
      "attachments": [
        {
          "name": "2024-05-30_16-23-43_724.png",
          "source": "7fe15fd4-7f13-4c17-97c2-dbdd0a02e6c2-attachment",
          "type": "image/png"
        }
      ],
      "parameters": [],
      "start": 1717075423689,
      "stop": 1717075423906
    },
    {
      "name": "When  I click Hobbies Music Button",
      "status": "passed",
      "statusDetails": {
        "known": false,
        "muted": false,
        "flaky": false
      },
      "stage": "finished",
      "steps": [],
      "attachments": [
        {
          "name": "2024-05-30_16-23-43_942.png",
          "source": "9f8547b4-dfe8-4121-855d-2439d367b655-attachment",
          "type": "image/png"
        }
      ],
      "parameters": [],
      "start": 1717075423906,
      "stop": 1717075424118
    },
    {
      "name": "When  I enter Current Address as \"Obispo Street\" for Student Registration Form",
      "status": "passed",
      "statusDetails": {
        "known": false,
        "muted": false,
        "flaky": false
      },
      "stage": "finished",
      "steps": [],
      "attachments": [
        {
          "name": "2024-05-30_16-23-44_156.png",
          "source": "07090c88-906c-45ac-bc14-34ceb7043c91-attachment",
          "type": "image/png"
        }
      ],
      "parameters": [],
      "start": 1717075424118,
      "stop": 1717075424339
    },
    {
      "name": "When  I click State  Button",
      "status": "broken",
      "statusDetails": {
        "known": false,
        "muted": false,
        "flaky": false,
        "message": "javascript error: {\"status\":32,\"value\":\"Unable to locate an element with the xpath expression (//div[@class=' css-1wa3eu0-placeholder'])[1]] because of the following error:\\nSyntaxError: Failed to execute 'evaluate' on 'Document': The string '(//div[@class=' css-1wa3eu0-placeholder'])[1]]' is not a valid XPath expression.\"}\n  (Session info: chrome=125.0.6422.113)",
        "trace": "OpenQA.Selenium.JavaScriptException: javascript error: {\"status\":32,\"value\":\"Unable to locate an element with the xpath expression (//div[@class=' css-1wa3eu0-placeholder'])[1]] because of the following error:\\nSyntaxError: Failed to execute 'evaluate' on 'Document': The string '(//div[@class=' css-1wa3eu0-placeholder'])[1]]' is not a valid XPath expression.\"}\n  (Session info: chrome=125.0.6422.113)\n   at OpenQA.Selenium.WebDriver.UnpackAndThrowOnError(Response errorResponse, String commandToExecute)\n   at OpenQA.Selenium.WebDriver.Execute(String driverCommandToExecute, Dictionary`2 parameters)\n   at OpenQA.Selenium.WebDriver.FindElement(String mechanism, String value)\n   at SeleniumExtras.WaitHelpers.ExpectedConditions.<>c__DisplayClass3_0.<ElementIsVisible>b__0(IWebDriver driver)\n   at OpenQA.Selenium.Support.UI.DefaultWait`1.Until[TResult](Func`2 condition, CancellationToken token)\n   at OpenQA.Selenium.Support.UI.DefaultWait`1.Until[TResult](Func`2 condition)\n   at TechDemoCSharpTranzactv2.PageObjects.BasePage.WaitWebElementVisibleBy(By element) in /Users/uslum/SpecFlow-F/specflow-framework/PageObjects/BasePage.cs:line 105\n   at TechDemoCSharpTranzactv2.PageObjects.BasePage.Click(By element) in /Users/uslum/SpecFlow-F/specflow-framework/PageObjects/BasePage.cs:line 60\n   at TechDemoCSharpTranzactv2.PageObjects.DemoQAPractifeFormPage.ClickStateButton() in /Users/uslum/SpecFlow-F/specflow-framework/PageObjects/DemoQAPractifeFormPage.cs:line 148\n   at TechDemoCSharpTranzactv2.StepDefinitions.SolutionStepDefinition.IClickStateButton() in /Users/uslum/SpecFlow-F/specflow-framework/StepDefinitions/SolutionStepDefinition.cs:line 251\n   at TechTalk.SpecFlow.Bindings.BindingInvoker.InvokeBinding(IBinding binding, IContextManager contextManager, Object[] arguments, ITestTracer testTracer, TimeSpan& duration)\n   at Allure.SpecFlowPlugin.AllureBindingInvoker.InvokeBinding(IBinding binding, IContextManager contextManager, Object[] arguments, ITestTracer testTracer, TimeSpan& duration)\n   at TechTalk.SpecFlow.Infrastructure.TestExecutionEngine.ExecuteStepMatch(BindingMatch match, Object[] arguments, TimeSpan& duration)\n   at TechTalk.SpecFlow.Infrastructure.TestExecutionEngine.ExecuteStep(IContextManager contextManager, StepInstance stepInstance)"
      },
      "stage": "finished",
      "steps": [],
      "attachments": [],
      "parameters": [],
      "start": 1717075424339,
      "stop": 1717075424358
    },
    {
      "name": "When  I click Selected State Button",
      "status": "skipped",
      "statusDetails": {
        "known": false,
        "muted": false,
        "flaky": false
      },
      "stage": "finished",
      "steps": [],
      "attachments": [],
      "parameters": [],
      "start": 1717075424358,
      "stop": 1717075424359
    },
    {
      "name": "When  I click City  Button",
      "status": "skipped",
      "statusDetails": {
        "known": false,
        "muted": false,
        "flaky": false
      },
      "stage": "finished",
      "steps": [],
      "attachments": [],
      "parameters": [],
      "start": 1717075424360,
      "stop": 1717075424360
    },
    {
      "name": "When  I click Selected City Button",
      "status": "skipped",
      "statusDetails": {
        "known": false,
        "muted": false,
        "flaky": false
      },
      "stage": "finished",
      "steps": [],
      "attachments": [],
      "parameters": [],
      "start": 1717075424360,
      "stop": 1717075424360
    }
  ],
  "attachments": [],
  "parameters": [],
  "start": 1717075407440,
  "stop": 1717075424363
}